<?xml version="1.0" encoding="UTF-8"?>
<testsuite name="start.intro.domain.item.ItemRepositoryTest" tests="4" skipped="0" failures="0" errors="0" timestamp="2023-03-09T05:37:54" hostname="DESKTOP-3H2RHDM" time="0.036">
  <properties/>
  <testcase name="allItem()" classname="start.intro.domain.item.ItemRepositoryTest" time="0.022"/>
  <testcase name="update()" classname="start.intro.domain.item.ItemRepositoryTest" time="0.001"/>
  <testcase name="findById()" classname="start.intro.domain.item.ItemRepositoryTest" time="0.007"/>
  <testcase name="save()" classname="start.intro.domain.item.ItemRepositoryTest" time="0.001"/>
  <system-out><![CDATA[]]></system-out>
  <system-err><![CDATA[]]></system-err>
</testsuite>
